CRITICAL - 2021-11-17 00:21:02 --> Undefined index: nama
#0 D:\Xampp7.4\htdocs\hantuApp\app\Views\mahasiswa\index.php(45): CodeIgniter\Debug\Exceptions->errorHandler(8, 'Undefined index...', 'D:\\Xampp7.4\\htd...', 45, Array)
#1 D:\Xampp7.4\htdocs\hantuApp\vendor\codeigniter4\framework\system\View\View.php(214): include('D:\\Xampp7.4\\htd...')
#2 D:\Xampp7.4\htdocs\hantuApp\vendor\codeigniter4\framework\system\View\View.php(217): CodeIgniter\View\View->CodeIgniter\View\{closure}()
#3 D:\Xampp7.4\htdocs\hantuApp\vendor\codeigniter4\framework\system\Common.php(1097): CodeIgniter\View\View->render('mahasiswa/index...', Array, true)
#4 D:\Xampp7.4\htdocs\hantuApp\app\Controllers\MahasiswaController.php(23): view('mahasiswa/index...', Array)
#5 D:\Xampp7.4\htdocs\hantuApp\vendor\codeigniter4\framework\system\CodeIgniter.php(824): App\Controllers\MahasiswaController->index()
#6 D:\Xampp7.4\htdocs\hantuApp\vendor\codeigniter4\framework\system\CodeIgniter.php(410): CodeIgniter\CodeIgniter->runController(Object(App\Controllers\MahasiswaController))
#7 D:\Xampp7.4\htdocs\hantuApp\vendor\codeigniter4\framework\system\CodeIgniter.php(318): CodeIgniter\CodeIgniter->handleRequest(NULL, Object(Config\Cache), false)
#8 D:\Xampp7.4\htdocs\hantuApp\public\index.php(37): CodeIgniter\CodeIgniter->run()
#9 D:\Xampp7.4\htdocs\hantuApp\vendor\codeigniter4\framework\system\Commands\Server\rewrite.php(43): require_once('D:\\Xampp7.4\\htd...')
#10 {main}
CRITICAL - 2021-11-17 01:04:16 --> Undefined index: nama
#0 D:\Xampp7.4\htdocs\hantuApp\app\Views\mahasiswa\edit.php(27): CodeIgniter\Debug\Exceptions->errorHandler(8, 'Undefined index...', 'D:\\Xampp7.4\\htd...', 27, Array)
#1 D:\Xampp7.4\htdocs\hantuApp\vendor\codeigniter4\framework\system\View\View.php(214): include('D:\\Xampp7.4\\htd...')
#2 D:\Xampp7.4\htdocs\hantuApp\vendor\codeigniter4\framework\system\View\View.php(217): CodeIgniter\View\View->CodeIgniter\View\{closure}()
#3 D:\Xampp7.4\htdocs\hantuApp\vendor\codeigniter4\framework\system\Common.php(1097): CodeIgniter\View\View->render('mahasiswa/edit....', Array, true)
#4 D:\Xampp7.4\htdocs\hantuApp\app\Controllers\MahasiswaController.php(60): view('mahasiswa/edit....', Array)
#5 D:\Xampp7.4\htdocs\hantuApp\vendor\codeigniter4\framework\system\CodeIgniter.php(824): App\Controllers\MahasiswaController->edit('1')
#6 D:\Xampp7.4\htdocs\hantuApp\vendor\codeigniter4\framework\system\CodeIgniter.php(410): CodeIgniter\CodeIgniter->runController(Object(App\Controllers\MahasiswaController))
#7 D:\Xampp7.4\htdocs\hantuApp\vendor\codeigniter4\framework\system\CodeIgniter.php(318): CodeIgniter\CodeIgniter->handleRequest(NULL, Object(Config\Cache), false)
#8 D:\Xampp7.4\htdocs\hantuApp\public\index.php(37): CodeIgniter\CodeIgniter->run()
#9 D:\Xampp7.4\htdocs\hantuApp\vendor\codeigniter4\framework\system\Commands\Server\rewrite.php(43): require_once('D:\\Xampp7.4\\htd...')
#10 {main}
CRITICAL - 2021-11-17 01:05:50 --> Undefined index: nama
#0 D:\Xampp7.4\htdocs\hantuApp\app\Views\mahasiswa\edit.php(27): CodeIgniter\Debug\Exceptions->errorHandler(8, 'Undefined index...', 'D:\\Xampp7.4\\htd...', 27, Array)
#1 D:\Xampp7.4\htdocs\hantuApp\vendor\codeigniter4\framework\system\View\View.php(214): include('D:\\Xampp7.4\\htd...')
#2 D:\Xampp7.4\htdocs\hantuApp\vendor\codeigniter4\framework\system\View\View.php(217): CodeIgniter\View\View->CodeIgniter\View\{closure}()
#3 D:\Xampp7.4\htdocs\hantuApp\vendor\codeigniter4\framework\system\Common.php(1097): CodeIgniter\View\View->render('mahasiswa/edit....', Array, true)
#4 D:\Xampp7.4\htdocs\hantuApp\app\Controllers\MahasiswaController.php(60): view('mahasiswa/edit....', Array)
#5 D:\Xampp7.4\htdocs\hantuApp\vendor\codeigniter4\framework\system\CodeIgniter.php(824): App\Controllers\MahasiswaController->edit('1')
#6 D:\Xampp7.4\htdocs\hantuApp\vendor\codeigniter4\framework\system\CodeIgniter.php(410): CodeIgniter\CodeIgniter->runController(Object(App\Controllers\MahasiswaController))
#7 D:\Xampp7.4\htdocs\hantuApp\vendor\codeigniter4\framework\system\CodeIgniter.php(318): CodeIgniter\CodeIgniter->handleRequest(NULL, Object(Config\Cache), false)
#8 D:\Xampp7.4\htdocs\hantuApp\public\index.php(37): CodeIgniter\CodeIgniter->run()
#9 D:\Xampp7.4\htdocs\hantuApp\vendor\codeigniter4\framework\system\Commands\Server\rewrite.php(43): require_once('D:\\Xampp7.4\\htd...')
#10 {main}
CRITICAL - 2021-11-17 01:06:10 --> Undefined index: nama
#0 D:\Xampp7.4\htdocs\hantuApp\app\Views\mahasiswa\edit.php(27): CodeIgniter\Debug\Exceptions->errorHandler(8, 'Undefined index...', 'D:\\Xampp7.4\\htd...', 27, Array)
#1 D:\Xampp7.4\htdocs\hantuApp\vendor\codeigniter4\framework\system\View\View.php(214): include('D:\\Xampp7.4\\htd...')
#2 D:\Xampp7.4\htdocs\hantuApp\vendor\codeigniter4\framework\system\View\View.php(217): CodeIgniter\View\View->CodeIgniter\View\{closure}()
#3 D:\Xampp7.4\htdocs\hantuApp\vendor\codeigniter4\framework\system\Common.php(1097): CodeIgniter\View\View->render('mahasiswa/edit....', Array, true)
#4 D:\Xampp7.4\htdocs\hantuApp\app\Controllers\MahasiswaController.php(60): view('mahasiswa/edit....', Array)
#5 D:\Xampp7.4\htdocs\hantuApp\vendor\codeigniter4\framework\system\CodeIgniter.php(824): App\Controllers\MahasiswaController->edit('1')
#6 D:\Xampp7.4\htdocs\hantuApp\vendor\codeigniter4\framework\system\CodeIgniter.php(410): CodeIgniter\CodeIgniter->runController(Object(App\Controllers\MahasiswaController))
#7 D:\Xampp7.4\htdocs\hantuApp\vendor\codeigniter4\framework\system\CodeIgniter.php(318): CodeIgniter\CodeIgniter->handleRequest(NULL, Object(Config\Cache), false)
#8 D:\Xampp7.4\htdocs\hantuApp\public\index.php(37): CodeIgniter\CodeIgniter->run()
#9 D:\Xampp7.4\htdocs\hantuApp\vendor\codeigniter4\framework\system\Commands\Server\rewrite.php(43): require_once('D:\\Xampp7.4\\htd...')
#10 {main}
CRITICAL - 2021-11-17 01:18:30 --> Invalid file: mahasiswa.php
#0 D:\Xampp7.4\htdocs\hantuApp\vendor\codeigniter4\framework\system\View\View.php(198): CodeIgniter\Exceptions\FrameworkException::forInvalidFile('mahasiswa.php')
#1 D:\Xampp7.4\htdocs\hantuApp\vendor\codeigniter4\framework\system\Common.php(1097): CodeIgniter\View\View->render('mahasiswa', Array, true)
#2 D:\Xampp7.4\htdocs\hantuApp\app\Controllers\MahasiswaController.php(84): view('mahasiswa')
#3 D:\Xampp7.4\htdocs\hantuApp\vendor\codeigniter4\framework\system\CodeIgniter.php(824): App\Controllers\MahasiswaController->destroy('1')
#4 D:\Xampp7.4\htdocs\hantuApp\vendor\codeigniter4\framework\system\CodeIgniter.php(410): CodeIgniter\CodeIgniter->runController(Object(App\Controllers\MahasiswaController))
#5 D:\Xampp7.4\htdocs\hantuApp\vendor\codeigniter4\framework\system\CodeIgniter.php(318): CodeIgniter\CodeIgniter->handleRequest(NULL, Object(Config\Cache), false)
#6 D:\Xampp7.4\htdocs\hantuApp\public\index.php(37): CodeIgniter\CodeIgniter->run()
#7 D:\Xampp7.4\htdocs\hantuApp\vendor\codeigniter4\framework\system\Commands\Server\rewrite.php(43): require_once('D:\\Xampp7.4\\htd...')
#8 {main}
CRITICAL - 2021-11-17 01:59:33 -->  route cannot be found while reverse-routing.
#0 D:\Xampp7.4\htdocs\hantuApp\vendor\codeigniter4\framework\system\HTTP\RedirectResponse.php(56): CodeIgniter\HTTP\Exceptions\HTTPException::forInvalidRedirectRoute('')
#1 D:\Xampp7.4\htdocs\hantuApp\app\Controllers\MahasiswaController.php(85): CodeIgniter\HTTP\RedirectResponse->route(false)
#2 D:\Xampp7.4\htdocs\hantuApp\vendor\codeigniter4\framework\system\CodeIgniter.php(824): App\Controllers\MahasiswaController->destroy('10')
#3 D:\Xampp7.4\htdocs\hantuApp\vendor\codeigniter4\framework\system\CodeIgniter.php(410): CodeIgniter\CodeIgniter->runController(Object(App\Controllers\MahasiswaController))
#4 D:\Xampp7.4\htdocs\hantuApp\vendor\codeigniter4\framework\system\CodeIgniter.php(318): CodeIgniter\CodeIgniter->handleRequest(NULL, Object(Config\Cache), false)
#5 D:\Xampp7.4\htdocs\hantuApp\public\index.php(37): CodeIgniter\CodeIgniter->run()
#6 D:\Xampp7.4\htdocs\hantuApp\vendor\codeigniter4\framework\system\Commands\Server\rewrite.php(43): require_once('D:\\Xampp7.4\\htd...')
#7 {main}
CRITICAL - 2021-11-17 01:59:56 -->  route cannot be found while reverse-routing.
#0 D:\Xampp7.4\htdocs\hantuApp\vendor\codeigniter4\framework\system\HTTP\RedirectResponse.php(56): CodeIgniter\HTTP\Exceptions\HTTPException::forInvalidRedirectRoute('')
#1 D:\Xampp7.4\htdocs\hantuApp\app\Controllers\MahasiswaController.php(85): CodeIgniter\HTTP\RedirectResponse->route(false)
#2 D:\Xampp7.4\htdocs\hantuApp\vendor\codeigniter4\framework\system\CodeIgniter.php(824): App\Controllers\MahasiswaController->destroy('11')
#3 D:\Xampp7.4\htdocs\hantuApp\vendor\codeigniter4\framework\system\CodeIgniter.php(410): CodeIgniter\CodeIgniter->runController(Object(App\Controllers\MahasiswaController))
#4 D:\Xampp7.4\htdocs\hantuApp\vendor\codeigniter4\framework\system\CodeIgniter.php(318): CodeIgniter\CodeIgniter->handleRequest(NULL, Object(Config\Cache), false)
#5 D:\Xampp7.4\htdocs\hantuApp\public\index.php(37): CodeIgniter\CodeIgniter->run()
#6 D:\Xampp7.4\htdocs\hantuApp\vendor\codeigniter4\framework\system\Commands\Server\rewrite.php(43): require_once('D:\\Xampp7.4\\htd...')
#7 {main}
CRITICAL - 2021-11-17 02:00:39 -->  route cannot be found while reverse-routing.
#0 D:\Xampp7.4\htdocs\hantuApp\vendor\codeigniter4\framework\system\HTTP\RedirectResponse.php(56): CodeIgniter\HTTP\Exceptions\HTTPException::forInvalidRedirectRoute('')
#1 D:\Xampp7.4\htdocs\hantuApp\app\Controllers\MahasiswaController.php(85): CodeIgniter\HTTP\RedirectResponse->route(false)
#2 D:\Xampp7.4\htdocs\hantuApp\vendor\codeigniter4\framework\system\CodeIgniter.php(824): App\Controllers\MahasiswaController->destroy('12')
#3 D:\Xampp7.4\htdocs\hantuApp\vendor\codeigniter4\framework\system\CodeIgniter.php(410): CodeIgniter\CodeIgniter->runController(Object(App\Controllers\MahasiswaController))
#4 D:\Xampp7.4\htdocs\hantuApp\vendor\codeigniter4\framework\system\CodeIgniter.php(318): CodeIgniter\CodeIgniter->handleRequest(NULL, Object(Config\Cache), false)
#5 D:\Xampp7.4\htdocs\hantuApp\public\index.php(37): CodeIgniter\CodeIgniter->run()
#6 D:\Xampp7.4\htdocs\hantuApp\vendor\codeigniter4\framework\system\Commands\Server\rewrite.php(43): require_once('D:\\Xampp7.4\\htd...')
#7 {main}
